gridpack: VBS_ssWW_PolarizTT_semilep
host: lxplus923.cern.ch. Thu Oct 31 11:56:29 AM CET 2024
session: gridpack_submission_VBS_ssWW_PolarizTT_semilep
**************************
gridpack: VBS_ssWW_PolarizLL_semilep
host: lxplus960.cern.ch. Thu Oct 31 11:57:03 AM CET 2024
session: gridpack_submission_VBS_ssWW_PolarizLL_semilep
**************************
gridpack: VBS_WZ_PolarizTT_WTtoHAD_ZTtoLEP
host: lxplus9124.cern.ch. Thu Oct 31 05:27:59 PM CET 2024
session: gridpack_submission_VBS_WZ_PolarizTT_WTtoHAD_ZTtoLEP
**************************
gridpack: VBS_ssWW_PolarizLL_semilep
host: lxplus9124.cern.ch. Fri Nov  1 12:23:16 AM CET 2024
session: gridpack_submission_VBS_ssWW_PolarizLL_semilep
**************************
gridpack: VBS_ssWW_PolarizLL_semilep
host: lxplus9124.cern.ch. Fri Nov  1 12:27:48 AM CET 2024
session: gridpack_submission_VBS_ssWW_PolarizLL_semilep
**************************
gridpack: VBS_ssWW_PolarizLL_semilep
host: lxplus9124.cern.ch. Fri Nov  1 12:28:38 AM CET 2024
session: gridpack_submission_VBS_ssWW_PolarizLL_semilep
**************************
gridpack: wplustest_4f_LO
host: lxplus923.cern.ch. Fri Nov  1 01:32:47 PM CET 2024
session: gridpack_submission_wplustest_4f_LO
**************************
gridpack: wplustest_4f_LO
host: lxplus923.cern.ch. Fri Nov  1 01:39:19 PM CET 2024
session: gridpack_submission_wplustest_4f_LO
**************************
gridpack: VBS_ssWW_PolarizLLpp_semilep
host: lxplus923.cern.ch. Fri Nov  1 01:53:28 PM CET 2024
session: gridpack_submission_VBS_ssWW_PolarizLLpp_semilep
**************************
gridpack: VBS_ssWW_PolarizLLpp_semilep
host: lxplus923.cern.ch. Fri Nov  1 02:13:03 PM CET 2024
session: gridpack_submission_VBS_ssWW_PolarizLLpp_semilep
**************************
gridpack: VBS_ssWW_PolarizLLmm_semilep
host: lxplus960.cern.ch. Fri Nov  1 02:14:52 PM CET 2024
session: gridpack_submission_VBS_ssWW_PolarizLLmm_semilep
**************************
gridpack: VBS_ssWW_PolarizLLmm_semilep
host: lxplus960.cern.ch. Fri Nov  1 02:15:26 PM CET 2024
session: gridpack_submission_VBS_ssWW_PolarizLLmm_semilep
**************************
gridpack: VBS_ssWW_PolarizLLmm_semilep
host: lxplus960.cern.ch. Fri Nov  1 03:14:24 PM CET 2024
session: gridpack_submission_VBS_ssWW_PolarizLLmm_semilep
**************************
gridpack: VBS_ssWW_PolarizLLmm_semilep
host: lxplus960.cern.ch. Fri Nov  1 03:14:50 PM CET 2024
session: gridpack_submission_VBS_ssWW_PolarizLLmm_semilep
**************************
gridpack: VBS_ssWW_PolarizTTmm_semilep
host: lxplus917.cern.ch. Fri Nov  1 04:34:00 PM CET 2024
session: gridpack_submission_VBS_ssWW_PolarizTTmm_semilep
**************************
gridpack: VBS_ssWW_PolarizTTpp_semilep
host: lxplus984.cern.ch. Fri Nov  1 04:36:55 PM CET 2024
session: gridpack_submission_VBS_ssWW_PolarizTTpp_semilep
**************************
gridpack: VBS_ZZ_PolarizLL_semilep
host: lxplus913.cern.ch. Fri Nov  1 06:42:52 PM CET 2024
session: gridpack_submission_VBS_ZZ_PolarizLL_semilep
**************************
gridpack: wplustest_4f_LO
host: lxplus925.cern.ch. Sat Nov  2 03:45:49 PM CET 2024
session: gridpack_submission_wplustest_4f_LO
**************************
gridpack: wplustest_4f_LO
host: lxplus925.cern.ch. Sat Nov  2 03:47:15 PM CET 2024
session: gridpack_submission_wplustest_4f_LO
**************************
gridpack: wplustest_4f_LO
host: lxplus925.cern.ch. Sat Nov  2 03:47:43 PM CET 2024
session: gridpack_submission_wplustest_4f_LO
**************************
gridpack: wplustest_4f_LO
host: lxplus925.cern.ch. Sat Nov  2 03:55:04 PM CET 2024
session: gridpack_submission_wplustest_4f_LO
**************************
gridpack: VBS_ssWW_NoPolariz
host: lxplus925.cern.ch. Sat Nov  2 04:12:33 PM CET 2024
session: gridpack_submission_VBS_ssWW_NoPolariz
**************************
gridpack: wplustest_4f_LO
host: lxplus992.cern.ch. Sat Nov  2 05:12:15 PM CET 2024
session: gridpack_submission_wplustest_4f_LO
**************************
gridpack: wplustest_4f_LO
host: lxplus992.cern.ch. Sat Nov  2 05:16:02 PM CET 2024
session: gridpack_submission_wplustest_4f_LO
**************************
gridpack: wplustest_4f_LO
host: lxplus992.cern.ch. Sat Nov  2 05:16:22 PM CET 2024
session: gridpack_submission_wplustest_4f_LO
**************************
gridpack: wplustest_4f_LO
host: lxplus992.cern.ch. Sat Nov  2 05:18:38 PM CET 2024
session: gridpack_submission_wplustest_4f_LO
**************************
gridpack: wplustest_4f_LO
host: lxplus992.cern.ch. Sat Nov  2 05:20:08 PM CET 2024
session: gridpack_submission_wplustest_4f_LO
**************************
gridpack: wplustest_4f_LO
host: lxplus992.cern.ch. Sat Nov  2 05:22:13 PM CET 2024
session: gridpack_submission_wplustest_4f_LO
**************************
gridpack: wplustest_4f_LO
host: lxplus992.cern.ch. Sat Nov  2 05:26:36 PM CET 2024
session: gridpack_submission_wplustest_4f_LO
